TN:
SF:src/App.jsx
FN:7,LiveClock
FN:10,(anonymous_1)
FN:11,(anonymous_2)
FN:12,(anonymous_3)
FN:37,LastUpdated
FN:40,(anonymous_5)
FN:41,(anonymous_6)
FN:42,(anonymous_7)
FN:61,App
FN:181,(anonymous_9)
FN:186,(anonymous_10)
FNF:11
FNH:0
FNDA:0,LiveClock
FNDA:0,(anonymous_1)
FNDA:0,(anonymous_2)
FNDA:0,(anonymous_3)
FNDA:0,LastUpdated
FNDA:0,(anonymous_5)
FNDA:0,(anonymous_6)
FNDA:0,(anonymous_7)
FNDA:0,App
FNDA:0,(anonymous_9)
FNDA:0,(anonymous_10)
DA:7,0
DA:8,0
DA:10,0
DA:11,0
DA:12,0
DA:15,0
DA:16,0
DA:17,0
DA:19,0
DA:37,0
DA:38,0
DA:40,0
DA:41,0
DA:42,0
DA:45,0
DA:46,0
DA:62,0
DA:63,0
DA:65,0
DA:66,0
DA:112,0
DA:181,0
DA:186,0
LF:23
LH:0
BRDA:65,0,0,0
BRDA:65,0,1,0
BRDA:195,1,0,0
BRDA:195,1,1,0
BRDA:195,2,0,0
BRDA:195,2,1,0
BRDA:196,3,0,0
BRDA:196,3,1,0
BRDA:202,4,0,0
BRDA:202,4,1,0
BRDA:209,5,0,0
BRDA:209,5,1,0
BRDA:226,6,0,0
BRDA:226,6,1,0
BRDA:227,7,0,0
BRDA:227,7,1,0
BRDA:228,8,0,0
BRDA:228,8,1,0
BRDA:240,9,0,0
BRDA:240,9,1,0
BRDA:248,10,0,0
BRDA:248,10,1,0
BRF:22
BRH:0
end_of_record
TN:
SF:src/index.css
FNF:0
FNH:0
LF:0
LH:0
BRF:0
BRH:0
end_of_record
TN:
SF:src/components/FanView.jsx
FN:55,OrderProgress
FN:82,(anonymous_1)
FN:129,CrowdRing
FN:200,SectionLabel
FN:219,FanView
FN:227,(anonymous_5)
FN:586,(anonymous_6)
FN:646,(anonymous_7)
FN:650,(anonymous_8)
FNF:9
FNH:7
FNDA:2,OrderProgress
FNDA:8,(anonymous_1)
FNDA:8,CrowdRing
FNDA:2,SectionLabel
FNDA:2,FanView
FNDA:12,(anonymous_5)
FNDA:8,(anonymous_6)
FNDA:0,(anonymous_7)
FNDA:0,(anonymous_8)
DA:6,1
DA:25,1
DA:28,1
DA:53,1
DA:56,2
DA:57,2
DA:59,2
DA:82,8
DA:130,8
DA:131,8
DA:132,8
DA:133,8
DA:134,8
DA:136,8
DA:201,2
DA:220,2
DA:221,2
DA:223,2
DA:226,2
DA:227,12
DA:230,2
DA:232,2
DA:586,8
DA:647,0
DA:648,0
DA:651,0
DA:652,0
DA:724,1
LF:28
LH:24
BRDA:57,0,0,0
BRDA:57,0,1,2
BRDA:102,1,0,4
BRDA:102,1,1,4
BRDA:103,2,0,4
BRDA:103,2,1,4
BRDA:112,3,0,4
BRDA:112,3,1,4
BRDA:113,4,0,4
BRDA:113,4,1,4
BRDA:115,5,0,4
BRDA:115,5,1,4
BRDA:116,6,0,4
BRDA:116,6,1,4
BRDA:117,7,0,2
BRDA:117,7,1,6
BRDA:133,8,0,0
BRDA:133,8,1,8
BRDA:133,9,0,2
BRDA:133,9,1,6
BRDA:134,10,0,0
BRDA:134,10,1,8
BRDA:134,11,0,2
BRDA:134,11,1,6
BRDA:223,12,0,2
BRDA:223,12,1,0
BRDA:230,13,0,2
BRDA:230,13,1,0
BRDA:243,14,0,2
BRDA:243,14,1,0
BRDA:405,15,0,0
BRDA:405,15,1,2
BRDA:407,16,0,0
BRDA:407,16,1,2
BRDA:672,17,0,2
BRDA:672,17,1,0
BRF:36
BRH:27
end_of_record
TN:
SF:src/components/OpsView.jsx
FN:29,(anonymous_0)
FN:35,(anonymous_1)
FN:42,(anonymous_2)
FN:50,WaitBar
FN:81,GateCard
FN:92,(anonymous_5)
FN:93,(anonymous_6)
FN:130,AlertCard
FN:176,ZoneRow
FN:190,(anonymous_9)
FN:191,(anonymous_10)
FN:245,SectionHeader
FN:275,Card
FN:292,OpsView
FN:347,(anonymous_14)
FN:352,(anonymous_15)
FN:357,(anonymous_16)
FN:358,(anonymous_17)
FN:378,(anonymous_18)
FN:415,(anonymous_19)
FN:440,(anonymous_20)
FNF:21
FNH:9
FNDA:24,(anonymous_0)
FNDA:0,(anonymous_1)
FNDA:0,(anonymous_2)
FNDA:12,WaitBar
FNDA:12,GateCard
FNDA:0,(anonymous_5)
FNDA:0,(anonymous_6)
FNDA:0,AlertCard
FNDA:12,ZoneRow
FNDA:0,(anonymous_9)
FNDA:0,(anonymous_10)
FNDA:9,SectionHeader
FNDA:12,Card
FNDA:3,OpsView
FNDA:0,(anonymous_14)
FNDA:0,(anonymous_15)
FNDA:0,(anonymous_16)
FNDA:0,(anonymous_17)
FNDA:12,(anonymous_18)
FNDA:0,(anonymous_19)
FNDA:12,(anonymous_20)
DA:6,1
DA:26,1
DA:29,1
DA:30,24
DA:31,18
DA:32,12
DA:35,1
DA:36,0
DA:42,1
DA:43,0
DA:51,12
DA:52,12
DA:54,12
DA:82,12
DA:83,12
DA:92,0
DA:93,0
DA:131,0
DA:177,12
DA:178,12
DA:180,12
DA:190,0
DA:191,0
DA:246,9
DA:276,12
DA:293,3
DA:348,0
DA:349,0
DA:350,0
DA:353,0
DA:354,0
DA:355,0
DA:357,0
DA:358,0
DA:378,12
DA:415,0
DA:440,12
DA:450,1
LF:38
LH:22
BRDA:30,0,0,6
BRDA:30,0,1,18
BRDA:31,1,0,6
BRDA:31,1,1,12
BRDA:36,2,0,0
BRDA:36,2,1,0
BRDA:38,3,0,0
BRDA:38,3,1,0
BRDA:43,4,0,0
BRDA:43,4,1,0
BRDA:45,5,0,0
BRDA:45,5,1,0
BRDA:152,6,0,0
BRDA:152,6,1,0
BRDA:178,7,0,0
BRDA:178,7,1,12
BRDA:178,8,0,3
BRDA:178,8,1,9
BRDA:245,9,0,9
BRDA:275,10,0,12
BRDA:399,11,0,3
BRDA:399,11,1,0
BRDA:432,12,0,3
BRDA:432,12,1,0
BRF:24
BRH:11
end_of_record
TN:
SF:src/components/VenueMap.jsx
FN:10,zoneColor
FN:19,ZonePath
FN:77,VenueMap
FNF:3
FNH:3
FNDA:20,zoneColor
FNDA:20,ZonePath
FNDA:5,VenueMap
DA:4,2
DA:11,20
DA:12,20
DA:13,15
DA:16,2
DA:20,20
DA:21,20
DA:22,20
DA:24,20
DA:26,20
DA:78,5
DA:175,2
DA:180,2
LF:13
LH:13
BRDA:11,0,0,0
BRDA:11,0,1,20
BRDA:12,1,0,5
BRDA:12,1,1,15
BRDA:24,2,0,0
BRDA:24,2,1,20
BRDA:24,3,0,5
BRDA:24,3,1,15
BRDA:35,4,0,0
BRDA:35,4,1,20
BRDA:44,5,0,10
BRDA:44,5,1,10
BRDA:56,6,0,20
BRDA:56,6,1,12
BRDA:61,7,0,6
BRDA:61,7,1,6
BRDA:77,8,0,5
BRDA:124,9,0,5
BRDA:124,9,1,0
BRDA:136,10,0,5
BRDA:136,10,1,0
BRDA:148,11,0,5
BRDA:148,11,1,0
BRDA:161,12,0,5
BRDA:161,12,1,0
BRF:25
BRH:18
end_of_record
TN:
SF:src/hooks/useSocket.js
FN:8,useSocket
FN:14,(anonymous_1)
FN:18,(anonymous_2)
FN:22,(anonymous_3)
FN:26,(anonymous_4)
FN:30,(anonymous_5)
FN:33,(anonymous_6)
FN:36,(anonymous_7)
FN:41,(anonymous_8)
FNF:9
FNH:0
FNDA:0,useSocket
FNDA:0,(anonymous_1)
FNDA:0,(anonymous_2)
FNDA:0,(anonymous_3)
FNDA:0,(anonymous_4)
FNDA:0,(anonymous_5)
FNDA:0,(anonymous_6)
FNDA:0,(anonymous_7)
FNDA:0,(anonymous_8)
DA:6,0
DA:9,0
DA:10,0
DA:11,0
DA:12,0
DA:14,0
DA:15,0
DA:16,0
DA:18,0
DA:19,0
DA:22,0
DA:23,0
DA:26,0
DA:27,0
DA:30,0
DA:31,0
DA:33,0
DA:36,0
DA:37,0
DA:41,0
DA:42,0
DA:43,0
DA:47,0
LF:23
LH:0
BRDA:42,0,0,0
BRDA:42,0,1,0
BRF:2
BRH:0
end_of_record
